<?xml version="1.0" encoding="UTF-8"?>
<!-- Generated by org.testng.reporters.JUnitReportReporter -->
<testsuite hostname="DESKTOP-2KGVE8G" failures="0" tests="3" name="Testcases.TC_07_FacebbokSignup" time="3.318" errors="0" timestamp="2023-07-31T14:19:09 IST" skipped="0">
  <testcase classname="Testcases.TC_07_FacebbokSignup" name="loginMethod" time="0.154"/>
  <testcase classname="Testcases.TC_07_FacebbokSignup" name="createnewMethod" time="0.093"/>
  <testcase classname="Testcases.TC_07_FacebbokSignup" name="signupMethod" time="3.071"/>
  <system-out>
    <![CDATA[execution started
execution completed]]>
  </system-out>
</testsuite> <!-- Testcases.TC_07_FacebbokSignup -->
