<?xml version="1.0" encoding="UTF-8"?>
<!-- Generated by org.testng.reporters.JUnitReportReporter -->
<testsuite hostname="DESKTOP-2KGVE8G" failures="0" tests="6" name="Testcases.TC_02_ActitimeLoginCreateCustomerLogout" time="27.673" errors="0" timestamp="2023-07-31T13:54:51 IST" skipped="0">
  <testcase classname="Testcases.TC_02_ActitimeLoginCreateCustomerLogout" name="tasksMethod" time="9.040"/>
  <testcase classname="Testcases.TC_02_ActitimeLoginCreateCustomerLogout" name="newCustomerMethod" time="0.152"/>
  <testcase classname="Testcases.TC_02_ActitimeLoginCreateCustomerLogout" name="loginMethod" time="9.257"/>
  <testcase classname="Testcases.TC_02_ActitimeLoginCreateCustomerLogout" name="addNewMethod" time="0.259"/>
  <testcase classname="Testcases.TC_02_ActitimeLoginCreateCustomerLogout" name="createCustomerMethod" time="4.241"/>
  <testcase classname="Testcases.TC_02_ActitimeLoginCreateCustomerLogout" name="logoutMethod" time="4.724"/>
  <system-out>
    <![CDATA[execution started
execution completed]]>
  </system-out>
</testsuite> <!-- Testcases.TC_02_ActitimeLoginCreateCustomerLogout -->
